<?xml version="1.0" encoding="UTF-8"?>
<testng-results ignored="0" total="1" passed="1" failed="0" skipped="0">
  <reporter-output>
  </reporter-output>
  <suite started-at="2023-04-26T23:38:51 IST" name="Suite" finished-at="2023-04-26T23:40:16 IST" duration-ms="85607">
    <groups>
    </groups>
    <test started-at="2023-04-26T23:38:51 IST" name="Test" finished-at="2023-04-26T23:40:16 IST" duration-ms="85607">
      <class name="testscript.Login_script">
        <test-method is-config="true" signature="openApp()[pri:0, instance:testscript.Login_script@27ff5d15]" started-at="2023-04-26T23:38:51 IST" name="openApp" finished-at="2023-04-26T23:39:43 IST" duration-ms="52054" status="PASS">
          <reporter-output>
          </reporter-output>
        </test-method> <!-- openApp -->
        <test-method signature="test1()[pri:0, instance:testscript.Login_script@27ff5d15]" started-at="2023-04-26T23:39:43 IST" name="test1" finished-at="2023-04-26T23:39:56 IST" duration-ms="13403" status="PASS">
          <reporter-output>
          </reporter-output>
        </test-method> <!-- test1 -->
        <test-method is-config="true" signature="closeApp()[pri:0, instance:testscript.Login_script@27ff5d15]" started-at="2023-04-26T23:39:56 IST" name="closeApp" finished-at="2023-04-26T23:40:16 IST" duration-ms="20064" status="PASS">
          <reporter-output>
          </reporter-output>
        </test-method> <!-- closeApp -->
      </class> <!-- testscript.Login_script -->
    </test> <!-- Test -->
  </suite> <!-- Suite -->
</testng-results>
