<?xml version="1.0" encoding="UTF-8"?>
<testng-results ignored="0" total="1" passed="1" failed="0" skipped="0">
  <reporter-output>
  </reporter-output>
  <suite started-at="2023-05-03T20:59:21 IST" name="Suite" finished-at="2023-05-03T21:01:58 IST" duration-ms="157281">
    <groups>
    </groups>
    <test started-at="2023-05-03T20:59:21 IST" name="Test" finished-at="2023-05-03T21:01:58 IST" duration-ms="157281">
      <class name="testscript.Login_script">
        <test-method is-config="true" signature="openApp()[pri:0, instance:testscript.Login_script@27ff5d15]" started-at="2023-05-03T20:59:21 IST" name="openApp" finished-at="2023-05-03T21:01:25 IST" duration-ms="123433" status="PASS">
          <reporter-output>
          </reporter-output>
        </test-method> <!-- openApp -->
        <test-method signature="test1()[pri:0, instance:testscript.Login_script@27ff5d15]" started-at="2023-05-03T21:01:25 IST" name="test1" finished-at="2023-05-03T21:01:47 IST" duration-ms="22602" status="PASS">
          <reporter-output>
          </reporter-output>
        </test-method> <!-- test1 -->
        <test-method is-config="true" signature="closeApp()[pri:0, instance:testscript.Login_script@27ff5d15]" started-at="2023-05-03T21:01:47 IST" name="closeApp" finished-at="2023-05-03T21:01:58 IST" duration-ms="11013" status="PASS">
          <reporter-output>
          </reporter-output>
        </test-method> <!-- closeApp -->
      </class> <!-- testscript.Login_script -->
    </test> <!-- Test -->
  </suite> <!-- Suite -->
</testng-results>
